<?xml version="1.0" encoding="UTF-8"?>
<testsuite name="example.managers.IdComparatorTest" tests="1" skipped="0" failures="0" errors="0" timestamp="2023-03-26T21:56:08" hostname="jasos-NBLK-WAX9X" time="0.615">
  <properties/>
  <testcase name="testCompare()" classname="example.managers.IdComparatorTest" time="0.615"/>
  <system-out><![CDATA[]]></system-out>
  <system-err><![CDATA[]]></system-err>
</testsuite>
